ffmpeg started on 2023-05-06 at 17:37:50
Report written to "/dist/x264_crf25_libx264_veryslow.log"
Log level: 32
Command line:
ffmpeg -progress - -nostats -y -i /dist/base.mp4 -crf 25 -c:v libx264 -preset veryslow /dist/x264_crf25_libx264_veryslow.mp4
ffmpeg version 6.0 Copyright (c) 2000-2023 the FFmpeg developers
  built with gcc 11 (Ubuntu 11.3.0-1ubuntu1~22.04)
  configuration: --disable-debug --disable-doc --disable-ffplay --extra-libs='-lpthread -lm' --ld=g++ --enable-small --pkg-config-flags=--static --extra-cflags=-fopenmp --extra-ldflags='-fopenmp -Wl,-z,stack-size=2097152' --toolchain=hardened --enable-static --disable-shared --enable-cuda-nvcc --extra-cflags='-I /usr/local/cuda/include' --extra-ldflags='-L /usr/local/cuda/compat -L /usr/local/cuda/lib64' --nvccflags='-gencode arch=compute_90a,code=sm_90a -gencode arch=compute_90,code=sm_90 -gencode arch=compute_89,code=sm_89 -gencode arch=compute_87,code=sm_87 -gencode arch=compute_86,code=sm_86 -gencode arch=compute_80,code=sm_80 -gencode arch=compute_75,code=sm_75 -gencode arch=compute_72,code=sm_72 -gencode arch=compute_70,code=sm_70 -O2' --enable-gpl --enable-libaom --enable-libaribb24 --enable-libass --enable-libdav1d --enable-libfdk-aac --enable-libfreetype --enable-libmfx --enable-libmp3lame --enable-libopus --enable-libvmaf --enable-libvorbis --enable-libvpx --enable-libx264 --enable-libx265 --enable  libavutil      58.  2.100 / 58.  2.100
  libavcodec     60.  3.100 / 60.  3.100
  libavformat    60.  3.100 / 60.  3.100
  libavdevice    60.  1.100 / 60.  1.100
  libavfilter     9.  3.100 /  9.  3.100
  libswscale      7.  1.100 /  7.  1.100
  libswresample   4. 10.100 /  4. 10.100
  libpostproc    57.  1.100 / 57.  1.100
Input #0, mov,mp4,m4a,3gp,3g2,mj2, from '/dist/base.mp4':
  Metadata:
    major_brand     : isom
    minor_version   : 512
    compatible_brands: isomiso2avc1mp41
    encoder         : Lavf60.3.100
  Duration: 00:05:00.02, start: 0.000000, bitrate: 3992 kb/s
  Stream #0:0[0x1](und): Video: h264 (avc1 / 0x31637661), yuv420p(progressive), 1920x1080 [SAR 1:1 DAR 16:9], 3987 kb/s, 60 fps, 60 tbr, 90k tbn (default)
    Metadata:
      handler_name    : VideoHandler
      vendor_id       : [0][0][0][0]
Stream mapping:
  Stream #0:0 -> #0:0 (h264 (native) -> h264 (libx264))
Press [q] to stop, [?] for help
[libx264 @ 0x55ecaa1a4240] using SAR=1/1
[libx264 @ 0x55ecaa1a4240] using cpu capabilities: MMX2 SSE2Fast SSSE3 SSE4.2 AVX FMA3 BMI2 AVX2
[libx264 @ 0x55ecaa1a4240] profile High, level 5.1, 4:2:0, 8-bit
[libx264 @ 0x55ecaa1a4240] 264 - core 163 r3060 5db6aa6 - H.264/MPEG-4 AVC codec - Copyleft 2003-2021 - http://www.videolan.org/x264.html - options: cabac=1 ref=16 deblock=1:0:0 analyse=0x3:0x133 me=umh subme=10 psy=1 psy_rd=1.00:0.00 mixed_ref=1 me_range=24 chroma_me=1 trellis=2 8x8dct=1 cqm=0 deadzone=21,11 fast_pskip=1 chroma_qp_offset=-2 threads=18 lookahead_threads=3 sliced_threads=0 nr=0 decimate=1 interlaced=0 bluray_compat=0 constrained_intra=0 bframes=8 b_pyramid=2 b_adapt=2 b_bias=0 direct=3 weightb=1 open_gop=0 weightp=2 keyint=250 keyint_min=25 scenecut=40 intra_refresh=0 rc_lookahead=60 rc=crf mbtree=1 crf=25.0 qcomp=0.60 qpmin=0 qpmax=69 qpstep=4 ip_ratio=1.40 aq=1:1.00
Output #0, mp4, to '/dist/x264_crf25_libx264_veryslow.mp4':
  Metadata:
    major_brand     : isom
    minor_version   : 512
    compatible_brands: isomiso2avc1mp41
    encoder         : Lavf60.3.100
  Stream #0:0(und): Video: h264 (avc1 / 0x31637661), yuv420p(progressive), 1920x1080 [SAR 1:1 DAR 16:9], q=2-31, 60 fps, 15360 tbn (default)
    Metadata:
      handler_name    : VideoHandler
      vendor_id       : [0][0][0][0]
      encoder         : Lavc60.3.100 libx264
    Side data:
      cpb: bitrate max/min/avg: 0/0/0 buffer size: 0 vbv_delay: N/A
frame=18001 fps= 28 q=-1.0 Lsize=   83350kB time=00:04:59.96 bitrate=2276.3kbits/s speed=0.459x    
video:83165kB audio:0kB subtitle:0kB other streams:0kB global headers:0kB muxing overhead: 0.222152%
[libx264 @ 0x55ecaa1a4240] frame I:109   Avg QP:20.02  size:162775
[libx264 @ 0x55ecaa1a4240] frame P:4825  Avg QP:26.85  size:  9512
[libx264 @ 0x55ecaa1a4240] frame B:13067 Avg QP:30.84  size:  1647
[libx264 @ 0x55ecaa1a4240] consecutive B-frames:  4.6%  8.9%  7.7% 25.4% 19.5% 30.3%  1.6%  0.8%  1.1%
[libx264 @ 0x55ecaa1a4240] mb I  I16..4: 24.7% 55.9% 19.3%
[libx264 @ 0x55ecaa1a4240] mb P  I16..4:  2.7%  3.4%  0.2%  P16..4: 17.3%  3.0%  3.7%  0.0%  0.0%    skip:69.7%
[libx264 @ 0x55ecaa1a4240] mb B  I16..4:  0.3%  0.3%  0.0%  B16..8: 12.4%  0.6%  0.1%  direct: 0.2%  skip:86.2%  L0:40.2% L1:58.3% BI: 1.5%
[libx264 @ 0x55ecaa1a4240] 8x8 transform intra:54.6% inter:72.5%
[libx264 @ 0x55ecaa1a4240] direct mvs  spatial:99.9% temporal:0.1%
[libx264 @ 0x55ecaa1a4240] coded y,uvDC,uvAC intra: 33.2% 44.6% 13.3% inter: 1.5% 1.6% 0.1%
[libx264 @ 0x55ecaa1a4240] i16 v,h,dc,p: 26% 23% 15% 36%
[libx264 @ 0x55ecaa1a4240] i8 v,h,dc,ddl,ddr,vr,hd,vl,hu: 20% 13% 20%  5%  8%  9%  8%  8%  8%
[libx264 @ 0x55ecaa1a4240] i4 v,h,dc,ddl,ddr,vr,hd,vl,hu: 26% 12% 15%  6%  8%  9%  7%  8%  8%
[libx264 @ 0x55ecaa1a4240] i8c dc,h,v,p: 53% 23% 16%  8%
[libx264 @ 0x55ecaa1a4240] Weighted P-Frames: Y:0.4% UV:0.4%
[libx264 @ 0x55ecaa1a4240] ref P L0: 61.4% 16.2% 11.1%  2.6%  1.8%  1.4%  1.2%  0.5%  0.6%  0.5%  0.4%  0.4%  0.4%  0.4%  0.6%  0.5%
[libx264 @ 0x55ecaa1a4240] ref B L0: 90.2%  4.9%  2.0%  0.6%  0.4%  0.4%  0.4%  0.2%  0.2%  0.1%  0.1%  0.1%  0.1%  0.1%  0.2%
[libx264 @ 0x55ecaa1a4240] ref B L1: 98.4%  1.6%
[libx264 @ 0x55ecaa1a4240] kb/s:2270.82
