ffmpeg started on 2023-05-06 at 16:53:49
Report written to "/dist/x264_crf23_libx264_medium.log"
Log level: 32
Command line:
ffmpeg -progress - -nostats -y -i /dist/base.mp4 -crf 23 -c:v libx264 -preset medium /dist/x264_crf23_libx264_medium.mp4
ffmpeg version 6.0 Copyright (c) 2000-2023 the FFmpeg developers
  built with gcc 11 (Ubuntu 11.3.0-1ubuntu1~22.04)
  configuration: --disable-debug --disable-doc --disable-ffplay --extra-libs='-lpthread -lm' --ld=g++ --enable-small --pkg-config-flags=--static --extra-cflags=-fopenmp --extra-ldflags='-fopenmp -Wl,-z,stack-size=2097152' --toolchain=hardened --enable-static --disable-shared --enable-cuda-nvcc --extra-cflags='-I /usr/local/cuda/include' --extra-ldflags='-L /usr/local/cuda/compat -L /usr/local/cuda/lib64' --nvccflags='-gencode arch=compute_90a,code=sm_90a -gencode arch=compute_90,code=sm_90 -gencode arch=compute_89,code=sm_89 -gencode arch=compute_87,code=sm_87 -gencode arch=compute_86,code=sm_86 -gencode arch=compute_80,code=sm_80 -gencode arch=compute_75,code=sm_75 -gencode arch=compute_72,code=sm_72 -gencode arch=compute_70,code=sm_70 -O2' --enable-gpl --enable-libaom --enable-libaribb24 --enable-libass --enable-libdav1d --enable-libfdk-aac --enable-libfreetype --enable-libmfx --enable-libmp3lame --enable-libopus --enable-libvmaf --enable-libvorbis --enable-libvpx --enable-libx264 --enable-libx265 --enable  libavutil      58.  2.100 / 58.  2.100
  libavcodec     60.  3.100 / 60.  3.100
  libavformat    60.  3.100 / 60.  3.100
  libavdevice    60.  1.100 / 60.  1.100
  libavfilter     9.  3.100 /  9.  3.100
  libswscale      7.  1.100 /  7.  1.100
  libswresample   4. 10.100 /  4. 10.100
  libpostproc    57.  1.100 / 57.  1.100
Input #0, mov,mp4,m4a,3gp,3g2,mj2, from '/dist/base.mp4':
  Metadata:
    major_brand     : isom
    minor_version   : 512
    compatible_brands: isomiso2avc1mp41
    encoder         : Lavf60.3.100
  Duration: 00:05:00.02, start: 0.000000, bitrate: 3992 kb/s
  Stream #0:0[0x1](und): Video: h264 (avc1 / 0x31637661), yuv420p(progressive), 1920x1080 [SAR 1:1 DAR 16:9], 3987 kb/s, 60 fps, 60 tbr, 90k tbn (default)
    Metadata:
      handler_name    : VideoHandler
      vendor_id       : [0][0][0][0]
Stream mapping:
  Stream #0:0 -> #0:0 (h264 (native) -> h264 (libx264))
Press [q] to stop, [?] for help
[libx264 @ 0x5623f3149240] using SAR=1/1
[libx264 @ 0x5623f3149240] using cpu capabilities: MMX2 SSE2Fast SSSE3 SSE4.2 AVX FMA3 BMI2 AVX2
[libx264 @ 0x5623f3149240] profile High, level 4.2, 4:2:0, 8-bit
[libx264 @ 0x5623f3149240] 264 - core 163 r3060 5db6aa6 - H.264/MPEG-4 AVC codec - Copyleft 2003-2021 - http://www.videolan.org/x264.html - options: cabac=1 ref=3 deblock=1:0:0 analyse=0x3:0x113 me=hex subme=7 psy=1 psy_rd=1.00:0.00 mixed_ref=1 me_range=16 chroma_me=1 trellis=1 8x8dct=1 cqm=0 deadzone=21,11 fast_pskip=1 chroma_qp_offset=-2 threads=18 lookahead_threads=3 sliced_threads=0 nr=0 decimate=1 interlaced=0 bluray_compat=0 constrained_intra=0 bframes=3 b_pyramid=2 b_adapt=1 b_bias=0 direct=1 weightb=1 open_gop=0 weightp=2 keyint=250 keyint_min=25 scenecut=40 intra_refresh=0 rc_lookahead=40 rc=crf mbtree=1 crf=23.0 qcomp=0.60 qpmin=0 qpmax=69 qpstep=4 ip_ratio=1.40 aq=1:1.00
Output #0, mp4, to '/dist/x264_crf23_libx264_medium.mp4':
  Metadata:
    major_brand     : isom
    minor_version   : 512
    compatible_brands: isomiso2avc1mp41
    encoder         : Lavf60.3.100
  Stream #0:0(und): Video: h264 (avc1 / 0x31637661), yuv420p(progressive), 1920x1080 [SAR 1:1 DAR 16:9], q=2-31, 60 fps, 15360 tbn (default)
    Metadata:
      handler_name    : VideoHandler
      vendor_id       : [0][0][0][0]
      encoder         : Lavc60.3.100 libx264
    Side data:
      cpb: bitrate max/min/avg: 0/0/0 buffer size: 0 vbv_delay: N/A
frame=18001 fps=113 q=-1.0 Lsize=  114674kB time=00:04:59.96 bitrate=3131.7kbits/s speed=1.88x    
video:114472kB audio:0kB subtitle:0kB other streams:0kB global headers:0kB muxing overhead: 0.176097%
[libx264 @ 0x5623f3149240] frame I:112   Avg QP:18.36  size:183027
[libx264 @ 0x5623f3149240] frame P:6151  Avg QP:23.28  size: 11683
[libx264 @ 0x5623f3149240] frame B:11738 Avg QP:28.31  size:  2118
[libx264 @ 0x5623f3149240] consecutive B-frames:  4.4% 19.6% 18.7% 57.2%
[libx264 @ 0x5623f3149240] mb I  I16..4: 23.8% 49.7% 26.5%
[libx264 @ 0x5623f3149240] mb P  I16..4:  2.0%  3.7%  0.3%  P16..4: 17.6%  4.8%  3.0%  0.0%  0.0%    skip:68.6%
[libx264 @ 0x5623f3149240] mb B  I16..4:  0.2%  0.4%  0.0%  B16..8: 14.6%  0.6%  0.1%  direct: 0.3%  skip:83.9%  L0:40.4% L1:57.8% BI: 1.8%
[libx264 @ 0x5623f3149240] 8x8 transform intra:59.8% inter:77.4%
[libx264 @ 0x5623f3149240] coded y,uvDC,uvAC intra: 41.3% 56.7% 17.3% inter: 2.8% 3.3% 0.2%
[libx264 @ 0x5623f3149240] i16 v,h,dc,p: 24% 26% 14% 36%
[libx264 @ 0x5623f3149240] i8 v,h,dc,ddl,ddr,vr,hd,vl,hu: 25% 18% 22%  5%  6%  7%  6%  6%  5%
[libx264 @ 0x5623f3149240] i4 v,h,dc,ddl,ddr,vr,hd,vl,hu: 31% 18% 17%  5%  7%  7%  5%  6%  4%
[libx264 @ 0x5623f3149240] i8c dc,h,v,p: 53% 22% 19%  6%
[libx264 @ 0x5623f3149240] Weighted P-Frames: Y:0.5% UV:0.5%
[libx264 @ 0x5623f3149240] ref P L0: 68.8% 16.1% 11.5%  3.6%  0.0%
[libx264 @ 0x5623f3149240] ref B L0: 90.7%  7.9%  1.4%
[libx264 @ 0x5623f3149240] ref B L1: 97.7%  2.3%
[libx264 @ 0x5623f3149240] kb/s:3125.67
