ffmpeg started on 2023-05-07 at 05:42:18
Report written to "/dist/x264_crf21_libx264_veryslow.log"
Log level: 32
Command line:
ffmpeg -progress - -nostats -y -i /dist/base.mp4 -crf 21 -c:v libx264 -preset veryslow /dist/x264_crf21_libx264_veryslow.mp4
ffmpeg version 6.0 Copyright (c) 2000-2023 the FFmpeg developers
  built with gcc 11 (Ubuntu 11.3.0-1ubuntu1~22.04)
  configuration: --disable-debug --disable-doc --disable-ffplay --extra-libs='-lpthread -lm' --ld=g++ --enable-small --pkg-config-flags=--static --extra-cflags=-fopenmp --extra-ldflags='-fopenmp -Wl,-z,stack-size=2097152' --toolchain=hardened --enable-static --disable-shared --enable-cuda-nvcc --extra-cflags='-I /usr/local/cuda/include' --extra-ldflags='-L /usr/local/cuda/compat -L /usr/local/cuda/lib64' --nvccflags='-gencode arch=compute_90a,code=sm_90a -gencode arch=compute_90,code=sm_90 -gencode arch=compute_89,code=sm_89 -gencode arch=compute_87,code=sm_87 -gencode arch=compute_86,code=sm_86 -gencode arch=compute_80,code=sm_80 -gencode arch=compute_75,code=sm_75 -gencode arch=compute_72,code=sm_72 -gencode arch=compute_70,code=sm_70 -O2' --enable-gpl --enable-libaom --enable-libaribb24 --enable-libass --enable-libdav1d --enable-libfdk-aac --enable-libfreetype --enable-libmfx --enable-libmp3lame --enable-libopus --enable-libvmaf --enable-libvorbis --enable-libvpx --enable-libx264 --enable-libx265 --enable  libavutil      58.  2.100 / 58.  2.100
  libavcodec     60.  3.100 / 60.  3.100
  libavformat    60.  3.100 / 60.  3.100
  libavdevice    60.  1.100 / 60.  1.100
  libavfilter     9.  3.100 /  9.  3.100
  libswscale      7.  1.100 /  7.  1.100
  libswresample   4. 10.100 /  4. 10.100
  libpostproc    57.  1.100 / 57.  1.100
Input #0, mov,mp4,m4a,3gp,3g2,mj2, from '/dist/base.mp4':
  Metadata:
    major_brand     : isom
    minor_version   : 512
    compatible_brands: isomiso2avc1mp41
    encoder         : Lavf60.3.100
  Duration: 00:05:18.05, start: 0.000000, bitrate: 5546 kb/s
  Chapters:
    Chapter #0:0: start 0.000000, end 318.047000
      Metadata:
        title           : 01
  Stream #0:0[0x1](und): Video: h264 (avc1 / 0x31637661), yuv420p(tv, bt709, progressive), 1920x1080 [SAR 1:1 DAR 16:9], 5544 kb/s, 24.36 fps, 47.95 tbr, 96k tbn (default)
    Metadata:
      handler_name    : Video Media Handler
      vendor_id       : [0][0][0][0]
      encoder         : AVC Coding
  Stream #0:1[0x2](eng): Data: bin_data (text / 0x74786574)
    Metadata:
      handler_name    : SubtitleHandler
Stream mapping:
  Stream #0:0 -> #0:0 (h264 (native) -> h264 (libx264))
Press [q] to stop, [?] for help
[libx264 @ 0x5581386900c0] using SAR=1/1
[libx264 @ 0x5581386900c0] using cpu capabilities: MMX2 SSE2Fast SSSE3 SSE4.2 AVX FMA3 BMI2 AVX2
[libx264 @ 0x5581386900c0] profile High, level 5.1, 4:2:0, 8-bit
[libx264 @ 0x5581386900c0] 264 - core 163 r3060 5db6aa6 - H.264/MPEG-4 AVC codec - Copyleft 2003-2021 - http://www.videolan.org/x264.html - options: cabac=1 ref=16 deblock=1:0:0 analyse=0x3:0x133 me=umh subme=10 psy=1 psy_rd=1.00:0.00 mixed_ref=1 me_range=24 chroma_me=1 trellis=2 8x8dct=1 cqm=0 deadzone=21,11 fast_pskip=1 chroma_qp_offset=-2 threads=18 lookahead_threads=3 sliced_threads=0 nr=0 decimate=1 interlaced=0 bluray_compat=0 constrained_intra=0 bframes=8 b_pyramid=2 b_adapt=2 b_bias=0 direct=3 weightb=1 open_gop=0 weightp=2 keyint=250 keyint_min=25 scenecut=40 intra_refresh=0 rc_lookahead=60 rc=crf mbtree=1 crf=21.0 qcomp=0.60 qpmin=0 qpmax=69 qpstep=4 ip_ratio=1.40 aq=1:1.00
Output #0, mp4, to '/dist/x264_crf21_libx264_veryslow.mp4':
  Metadata:
    major_brand     : isom
    minor_version   : 512
    compatible_brands: isomiso2avc1mp41
    encoder         : Lavf60.3.100
  Chapters:
    Chapter #0:0: start 0.000000, end 318.047000
      Metadata:
        title           : 01
  Stream #0:0(und): Video: h264 (avc1 / 0x31637661), yuv420p(tv, bt709, progressive), 1920x1080 [SAR 1:1 DAR 16:9], q=2-31, 47.95 fps, 48k tbn (default)
    Metadata:
      handler_name    : Video Media Handler
      vendor_id       : [0][0][0][0]
      encoder         : Lavc60.3.100 libx264
    Side data:
      cpb: bitrate max/min/avg: 0/0/0 buffer size: 0 vbv_delay: N/A
[vost#0:0/libx264 @ 0x5581386a0600] More than 1000 frames duplicated
frame=15251 fps= 22 q=-1.0 Lsize=  111113kB time=00:05:17.98 bitrate=2862.5kbits/s dup=7504 drop=0 speed=0.466x    
video:110946kB audio:0kB subtitle:0kB other streams:0kB global headers:0kB muxing overhead: 0.150667%
[libx264 @ 0x5581386900c0] frame I:96    Avg QP:15.65  size:129930
[libx264 @ 0x5581386900c0] frame P:3719  Avg QP:19.54  size: 20184
[libx264 @ 0x5581386900c0] frame B:11436 Avg QP:23.09  size:  2280
[libx264 @ 0x5581386900c0] consecutive B-frames:  1.4%  6.6%  2.6% 62.5%  4.1%  3.2%  2.8% 14.2%  2.6%
[libx264 @ 0x5581386900c0] mb I  I16..4: 24.7% 43.6% 31.8%
[libx264 @ 0x5581386900c0] mb P  I16..4:  5.8%  9.4%  1.8%  P16..4: 25.0%  4.8%  3.7%  0.2%  0.0%    skip:49.2%
[libx264 @ 0x5581386900c0] mb B  I16..4:  0.2%  0.3%  0.1%  B16..8: 14.3%  0.9%  0.2%  direct: 0.2%  skip:83.8%  L0:41.4% L1:57.1% BI: 1.5%
[libx264 @ 0x5581386900c0] 8x8 transform intra:53.7% inter:52.6%
[libx264 @ 0x5581386900c0] direct mvs  spatial:99.9% temporal:0.1%
[libx264 @ 0x5581386900c0] coded y,uvDC,uvAC intra: 20.9% 39.2% 15.1% inter: 1.8% 4.2% 0.8%
[libx264 @ 0x5581386900c0] i16 v,h,dc,p: 29% 35% 14% 22%
[libx264 @ 0x5581386900c0] i8 v,h,dc,ddl,ddr,vr,hd,vl,hu: 23% 20% 42%  2%  2%  2%  3%  2%  3%
[libx264 @ 0x5581386900c0] i4 v,h,dc,ddl,ddr,vr,hd,vl,hu: 25% 17% 22%  6%  7%  7%  6%  5%  6%
[libx264 @ 0x5581386900c0] i8c dc,h,v,p: 47% 29% 17%  6%
[libx264 @ 0x5581386900c0] Weighted P-Frames: Y:3.4% UV:3.1%
[libx264 @ 0x5581386900c0] ref P L0: 50.4%  6.1% 13.5%  6.4%  4.6%  3.9%  3.1%  1.9%  1.5%  1.6%  1.3%  1.3%  1.2%  1.2%  1.2%  1.0%
[libx264 @ 0x5581386900c0] ref B L0: 72.6% 11.8%  4.6%  2.6%  1.7%  1.4%  1.2%  0.8%  0.6%  0.5%  0.5%  0.5%  0.4%  0.4%  0.3%
[libx264 @ 0x5581386900c0] ref B L1: 96.0%  4.0%
[libx264 @ 0x5581386900c0] kb/s:2857.64
