ffmpeg started on 2023-05-07 at 05:37:00
Report written to "/dist/x264_crf21_libx264_medium.log"
Log level: 32
Command line:
ffmpeg -progress - -nostats -y -i /dist/base.mp4 -crf 21 -c:v libx264 -preset medium /dist/x264_crf21_libx264_medium.mp4
ffmpeg version 6.0 Copyright (c) 2000-2023 the FFmpeg developers
  built with gcc 11 (Ubuntu 11.3.0-1ubuntu1~22.04)
  configuration: --disable-debug --disable-doc --disable-ffplay --extra-libs='-lpthread -lm' --ld=g++ --enable-small --pkg-config-flags=--static --extra-cflags=-fopenmp --extra-ldflags='-fopenmp -Wl,-z,stack-size=2097152' --toolchain=hardened --enable-static --disable-shared --enable-cuda-nvcc --extra-cflags='-I /usr/local/cuda/include' --extra-ldflags='-L /usr/local/cuda/compat -L /usr/local/cuda/lib64' --nvccflags='-gencode arch=compute_90a,code=sm_90a -gencode arch=compute_90,code=sm_90 -gencode arch=compute_89,code=sm_89 -gencode arch=compute_87,code=sm_87 -gencode arch=compute_86,code=sm_86 -gencode arch=compute_80,code=sm_80 -gencode arch=compute_75,code=sm_75 -gencode arch=compute_72,code=sm_72 -gencode arch=compute_70,code=sm_70 -O2' --enable-gpl --enable-libaom --enable-libaribb24 --enable-libass --enable-libdav1d --enable-libfdk-aac --enable-libfreetype --enable-libmfx --enable-libmp3lame --enable-libopus --enable-libvmaf --enable-libvorbis --enable-libvpx --enable-libx264 --enable-libx265 --enable  libavutil      58.  2.100 / 58.  2.100
  libavcodec     60.  3.100 / 60.  3.100
  libavformat    60.  3.100 / 60.  3.100
  libavdevice    60.  1.100 / 60.  1.100
  libavfilter     9.  3.100 /  9.  3.100
  libswscale      7.  1.100 /  7.  1.100
  libswresample   4. 10.100 /  4. 10.100
  libpostproc    57.  1.100 / 57.  1.100
Input #0, mov,mp4,m4a,3gp,3g2,mj2, from '/dist/base.mp4':
  Metadata:
    major_brand     : isom
    minor_version   : 512
    compatible_brands: isomiso2avc1mp41
    encoder         : Lavf60.3.100
  Duration: 00:05:18.05, start: 0.000000, bitrate: 5546 kb/s
  Chapters:
    Chapter #0:0: start 0.000000, end 318.047000
      Metadata:
        title           : 01
  Stream #0:0[0x1](und): Video: h264 (avc1 / 0x31637661), yuv420p(tv, bt709, progressive), 1920x1080 [SAR 1:1 DAR 16:9], 5544 kb/s, 24.36 fps, 47.95 tbr, 96k tbn (default)
    Metadata:
      handler_name    : Video Media Handler
      vendor_id       : [0][0][0][0]
      encoder         : AVC Coding
  Stream #0:1[0x2](eng): Data: bin_data (text / 0x74786574)
    Metadata:
      handler_name    : SubtitleHandler
Stream mapping:
  Stream #0:0 -> #0:0 (h264 (native) -> h264 (libx264))
Press [q] to stop, [?] for help
[libx264 @ 0x55de27be40c0] using SAR=1/1
[libx264 @ 0x55de27be40c0] using cpu capabilities: MMX2 SSE2Fast SSSE3 SSE4.2 AVX FMA3 BMI2 AVX2
[libx264 @ 0x55de27be40c0] profile High, level 4.2, 4:2:0, 8-bit
[libx264 @ 0x55de27be40c0] 264 - core 163 r3060 5db6aa6 - H.264/MPEG-4 AVC codec - Copyleft 2003-2021 - http://www.videolan.org/x264.html - options: cabac=1 ref=3 deblock=1:0:0 analyse=0x3:0x113 me=hex subme=7 psy=1 psy_rd=1.00:0.00 mixed_ref=1 me_range=16 chroma_me=1 trellis=1 8x8dct=1 cqm=0 deadzone=21,11 fast_pskip=1 chroma_qp_offset=-2 threads=18 lookahead_threads=3 sliced_threads=0 nr=0 decimate=1 interlaced=0 bluray_compat=0 constrained_intra=0 bframes=3 b_pyramid=2 b_adapt=1 b_bias=0 direct=1 weightb=1 open_gop=0 weightp=2 keyint=250 keyint_min=25 scenecut=40 intra_refresh=0 rc_lookahead=40 rc=crf mbtree=1 crf=21.0 qcomp=0.60 qpmin=0 qpmax=69 qpstep=4 ip_ratio=1.40 aq=1:1.00
Output #0, mp4, to '/dist/x264_crf21_libx264_medium.mp4':
  Metadata:
    major_brand     : isom
    minor_version   : 512
    compatible_brands: isomiso2avc1mp41
    encoder         : Lavf60.3.100
  Chapters:
    Chapter #0:0: start 0.000000, end 318.047000
      Metadata:
        title           : 01
  Stream #0:0(und): Video: h264 (avc1 / 0x31637661), yuv420p(tv, bt709, progressive), 1920x1080 [SAR 1:1 DAR 16:9], q=2-31, 47.95 fps, 48k tbn (default)
    Metadata:
      handler_name    : Video Media Handler
      vendor_id       : [0][0][0][0]
      encoder         : Lavc60.3.100 libx264
    Side data:
      cpb: bitrate max/min/avg: 0/0/0 buffer size: 0 vbv_delay: N/A
[vost#0:0/libx264 @ 0x55de27bf4600] More than 1000 frames duplicated
frame=15251 fps=108 q=-1.0 Lsize=  130859kB time=00:05:17.98 bitrate=3371.2kbits/s dup=7504 drop=0 speed=2.26x    
video:130677kB audio:0kB subtitle:0kB other streams:0kB global headers:0kB muxing overhead: 0.138751%
[libx264 @ 0x55de27be40c0] frame I:133   Avg QP:15.35  size:109069
[libx264 @ 0x55de27be40c0] frame P:4020  Avg QP:18.43  size: 22987
[libx264 @ 0x55de27be40c0] frame B:11098 Avg QP:20.31  size:  2424
[libx264 @ 0x55de27be40c0] consecutive B-frames:  1.1%  4.8%  2.2% 91.9%
[libx264 @ 0x55de27be40c0] mb I  I16..4: 27.8% 45.7% 26.6%
[libx264 @ 0x55de27be40c0] mb P  I16..4:  6.5%  9.7%  2.7%  P16..4: 22.1%  5.8%  2.9%  0.0%  0.0%    skip:50.3%
[libx264 @ 0x55de27be40c0] mb B  I16..4:  0.3%  0.3%  0.1%  B16..8: 13.0%  0.7%  0.1%  direct: 1.0%  skip:84.5%  L0:55.1% L1:43.3% BI: 1.6%
[libx264 @ 0x55de27be40c0] 8x8 transform intra:50.1% inter:71.1%
[libx264 @ 0x55de27be40c0] coded y,uvDC,uvAC intra: 24.8% 48.6% 21.6% inter: 2.5% 6.4% 0.8%
[libx264 @ 0x55de27be40c0] i16 v,h,dc,p: 31% 39% 12% 18%
[libx264 @ 0x55de27be40c0] i8 v,h,dc,ddl,ddr,vr,hd,vl,hu: 26% 20% 42%  2%  2%  2%  2%  2%  2%
[libx264 @ 0x55de27be40c0] i4 v,h,dc,ddl,ddr,vr,hd,vl,hu: 29% 20% 20%  5%  6%  6%  5%  5%  4%
[libx264 @ 0x55de27be40c0] i8c dc,h,v,p: 51% 26% 18%  5%
[libx264 @ 0x55de27be40c0] Weighted P-Frames: Y:2.8% UV:2.5%
[libx264 @ 0x55de27be40c0] ref P L0: 63.6%  7.8% 17.8% 10.6%  0.1%
[libx264 @ 0x55de27be40c0] ref B L0: 87.1% 10.3%  2.6%
[libx264 @ 0x55de27be40c0] ref B L1: 97.7%  2.3%
[libx264 @ 0x55de27be40c0] kb/s:3365.87
